e:\art\computergraphics\computer graphics study\directx 12practice\directx12_project\directx12_project\x64\debug\vc142.pdb
e:\art\computergraphics\computer graphics study\directx 12practice\directx12_project\directx12_project\x64\debug\vc142.idb
e:\art\computergraphics\computer graphics study\directx 12practice\directx12_project\directx12_project\x64\debug\d3dutil.obj
e:\art\computergraphics\computer graphics study\directx 12practice\directx12_project\directx12_project\x64\debug\d3dapp.obj
e:\art\computergraphics\computer graphics study\directx 12practice\directx12_project\directx12_project\x64\debug\box.obj
e:\art\computergraphics\computer graphics study\directx 12practice\directx12_project\directx12_project\x64\debug\frameresource.obj
e:\art\computergraphics\computer graphics study\directx 12practice\directx12_project\directx12_project\x64\debug\mainwin.obj
e:\art\computergraphics\computer graphics study\directx 12practice\directx12_project\directx12_project\x64\debug\multigeo.obj
e:\art\computergraphics\computer graphics study\directx 12practice\directx12_project\directx12_project\x64\debug\geometrygenerator.obj
e:\art\computergraphics\computer graphics study\directx 12practice\directx12_project\directx12_project\x64\debug\shapesapp.obj
e:\art\computergraphics\computer graphics study\directx 12practice\directx12_project\directx12_project\x64\debug\mathhelper.obj
e:\art\computergraphics\computer graphics study\directx 12practice\directx12_project\x64\debug\directx12_project.pdb
e:\art\computergraphics\computer graphics study\directx 12practice\directx12_project\directx12_project\x64\debug\directx1.b6bf4e97.tlog\cl.command.1.tlog
e:\art\computergraphics\computer graphics study\directx 12practice\directx12_project\directx12_project\x64\debug\directx1.b6bf4e97.tlog\cl.read.1.tlog
e:\art\computergraphics\computer graphics study\directx 12practice\directx12_project\directx12_project\x64\debug\directx1.b6bf4e97.tlog\cl.write.1.tlog
e:\art\computergraphics\computer graphics study\directx 12practice\directx12_project\directx12_project\x64\debug\directx1.b6bf4e97.tlog\link-cvtres.read.1.tlog
e:\art\computergraphics\computer graphics study\directx 12practice\directx12_project\directx12_project\x64\debug\directx1.b6bf4e97.tlog\link-cvtres.write.1.tlog
e:\art\computergraphics\computer graphics study\directx 12practice\directx12_project\directx12_project\x64\debug\directx1.b6bf4e97.tlog\link-rc.read.1.tlog
e:\art\computergraphics\computer graphics study\directx 12practice\directx12_project\directx12_project\x64\debug\directx1.b6bf4e97.tlog\link-rc.write.1.tlog
e:\art\computergraphics\computer graphics study\directx 12practice\directx12_project\directx12_project\x64\debug\directx1.b6bf4e97.tlog\link.33056-cvtres.read.1.tlog
e:\art\computergraphics\computer graphics study\directx 12practice\directx12_project\directx12_project\x64\debug\directx1.b6bf4e97.tlog\link.33056-cvtres.write.1.tlog
e:\art\computergraphics\computer graphics study\directx 12practice\directx12_project\directx12_project\x64\debug\directx1.b6bf4e97.tlog\link.33056-rc.read.1.tlog
e:\art\computergraphics\computer graphics study\directx 12practice\directx12_project\directx12_project\x64\debug\directx1.b6bf4e97.tlog\link.33056-rc.write.1.tlog
e:\art\computergraphics\computer graphics study\directx 12practice\directx12_project\directx12_project\x64\debug\directx1.b6bf4e97.tlog\link.33056.read.1.tlog
e:\art\computergraphics\computer graphics study\directx 12practice\directx12_project\directx12_project\x64\debug\directx1.b6bf4e97.tlog\link.33056.write.1.tlog
e:\art\computergraphics\computer graphics study\directx 12practice\directx12_project\directx12_project\x64\debug\directx1.b6bf4e97.tlog\link.command.1.tlog
e:\art\computergraphics\computer graphics study\directx 12practice\directx12_project\directx12_project\x64\debug\directx1.b6bf4e97.tlog\link.read.1.tlog
e:\art\computergraphics\computer graphics study\directx 12practice\directx12_project\directx12_project\x64\debug\directx1.b6bf4e97.tlog\link.write.1.tlog
